<?xml version="1.0" encoding="UTF-8" standalone="no"?><testsuite errors="1" failures="0" name="Proceso de contratación" skipped="0" tests="1" time="36.98" timestamp="2024-10-25 10:51:40"><testcase name="Agregar un nuevo candidato en Recruitment"><error message="Cannot invoke &quot;com.orangehrmlive.steps.RecruitmentSteps.darclicAddButton()&quot; because &quot;this.recruitmentSteps&quot; is null" type="java.lang.NullPointerException">Cannot invoke "com.orangehrmlive.steps.RecruitmentSteps.darclicAddButton()" because "this.recruitmentSteps" is null</error><system-err>Cannot invoke "com.orangehrmlive.steps.RecruitmentSteps.darclicAddButton()" because "this.recruitmentSteps" is null&#13;
com.orangehrmlive.stepDefinitions.RecruitmentStepDefinitions.elUsuarioHaceClicEnElBotón(RecruitmentStepDefinitions.java:40)&#13;
✽.El usuario hace clic en el botón "Add"(file:///C:/Users/USUARIO/Desktop/Pruebas%20de%20Choucair%20Octubre2024/opensource/src/test/resources/features/recruitment.feature:8)&#13;
</system-err></testcase></testsuite>